<?xml version="1.0" encoding="UTF-8"?>
<!-- Generated by org.testng.reporters.JUnitXMLReporter -->
<testsuite ignored="0" hostname="Krishnas_PC" failures="1" tests="2" name="Test" time="0.175" errors="0" timestamp="2024-09-17T08:21:48 IST">
  <testcase classname="TestAllureReports.Testcase2" name="testmethod1" time="0.067"/>
  <testcase classname="TestAllureReports.Testcase1" name="testmethod1" time="0.008">
    <failure type="java.lang.AssertionError" message="expected [true] but found [false]">
      <![CDATA[java.lang.AssertionError: expected [true] but found [false]
at TestAllureReports.Testcase1.testmethod1(Testcase1.java:9)
at java.base/java.util.ArrayList.forEach(ArrayList.java:1511)
... Removed 31 stack frames]]>
    </failure>
  </testcase> <!-- testmethod1 -->
</testsuite> <!-- Test -->
