<?xml version="1.0" encoding="UTF-8"?>
<!-- Generated by org.testng.reporters.JUnitXMLReporter -->
<testsuite ignored="0" hostname="Krishnas_PC" failures="0" tests="9" name="Default test" time="113.523" errors="0" timestamp="2024-10-16T08:58:57 IST">
  <testcase classname="com.qa.Ordermanagement.Test.PatientUserOrderTest" name="patientuserOrderCreationTest" time="25.244"/>
  <testcase classname="com.qa.Ordermanagement.Test.PatientUserOrderTest" name="uploadpassportfrontTest" time="17.316"/>
  <testcase classname="com.qa.Ordermanagement.Test.PatientUserOrderTest" name="uploadpassportbackpageTest" time="19.309"/>
  <testcase classname="com.qa.Ordermanagement.Test.PatientUserOrderTest" name="uploadHippaDeclaration" time="23.306"/>
  <testcase classname="com.qa.Ordermanagement.Test.PatientUserOrderTest" name="checkTermsandConditions" time="0.16"/>
  <testcase classname="com.qa.Ordermanagement.Test.PatientUserOrderTest" name="clickonsubmitTest" time="5.19"/>
  <testcase classname="com.qa.Ordermanagement.Test.PatientUserOrderTest" name="captureToastMessage" time="3.943"/>
  <testcase classname="com.qa.Ordermanagement.Test.PatientUserOrderTest" name="writetofileOrderId" time="1.079"/>
  <testcase classname="com.qa.Ordermanagement.Test.PatientUserOrderTest" name="ProcesspaymentPage" time="14.124"/>
</testsuite> <!-- Default test -->
