<?xml version="1.0" encoding="UTF-8"?>
<!-- Generated by org.testng.reporters.JUnitXMLReporter -->
<testsuite ignored="0" hostname="Krishnas_PC" failures="1" tests="8" name="PatientUser and DoctorFacilityTest" time="120.363" errors="0" timestamp="2024-09-16T16:39:32 IST">
  <testcase classname="OrderManagement.Newera.placeOrder" name="appsetup" time="4.054"/>
  <testcase classname="OrderManagement.Newera.placeOrder" name="patietflow" time="25.78"/>
  <testcase classname="OrderManagement.Newera.placeOrder" name="identity" time="20.591"/>
  <testcase classname="OrderManagement.Newera.placeOrder" name="bpageupload" time="16.409"/>
  <testcase classname="OrderManagement.Newera.placeOrder" name="uploadfileHippa" time="19.485"/>
  <testcase classname="OrderManagement.Newera.placeOrder" name="performsubmit" time="12.737"/>
  <testcase classname="OrderManagement.Newera.serverOrder" name="logintoapp" time="21.268">
    <failure type="java.lang.NullPointerException" message="Cannot invoke &amp;quot;OrderManagement.Newera.placeOrder.keyinpaymentdetails()&amp;quot; because &amp;quot;this.placeOrder&amp;quot; is null">
      <![CDATA[java.lang.NullPointerException: Cannot invoke "OrderManagement.Newera.placeOrder.keyinpaymentdetails()" because "this.placeOrder" is null
at OrderManagement.Newera.serverOrder.logintoapp(serverOrder.java:58)
at java.base/java.util.ArrayList.forEach(ArrayList.java:1511)
... Removed 27 stack frames]]>
    </failure>
  </testcase> <!-- logintoapp -->
  <testcase classname="OrderManagement.Newera.serverOrder" name="uploaddocs" time="0.0">
    <skipped/>
  </testcase> <!-- uploaddocs -->
</testsuite> <!-- PatientUser and DoctorFacilityTest -->
