<?xml version="1.0" encoding="UTF-8"?>
<testng-results ignored="0" total="7" passed="7" failed="0" skipped="0">
  <reporter-output>
  </reporter-output>
  <suite started-at="2024-10-07T16:05:21 IST" name="Default suite" finished-at="2024-10-07T16:05:40 IST" duration-ms="19229">
    <groups>
    </groups>
    <test started-at="2024-10-07T16:05:21 IST" name="Default test" finished-at="2024-10-07T16:05:40 IST" duration-ms="19229">
      <class name="com.qa.Ordermanagement.Test.DoctorFacilityUserServerOrderTest">
        <test-method is-config="true" signature="setup()[pri:0, instance:com.qa.Ordermanagement.Test.DoctorFacilityUserServerOrderTest@19b843ba]" started-at="2024-10-07T16:05:21 IST" name="setup" finished-at="2024-10-07T16:05:27 IST" duration-ms="5715" status="PASS">
          <reporter-output>
          </reporter-output>
        </test-method> <!-- setup -->
        <test-method signature="DoctorFacilityUserLoginTest()[pri:1, instance:com.qa.Ordermanagement.Test.DoctorFacilityUserServerOrderTest@19b843ba]" started-at="2024-10-07T16:05:27 IST" name="DoctorFacilityUserLoginTest" finished-at="2024-10-07T16:05:29 IST" duration-ms="2599" status="PASS">
          <reporter-output>
          </reporter-output>
        </test-method> <!-- DoctorFacilityUserLoginTest -->
        <test-method signature="clickonNewRequestTest()[pri:2, instance:com.qa.Ordermanagement.Test.DoctorFacilityUserServerOrderTest@19b843ba]" started-at="2024-10-07T16:05:29 IST" name="clickonNewRequestTest" finished-at="2024-10-07T16:05:33 IST" depends-on-methods="com.qa.Ordermanagement.Test.DoctorFacilityUserServerOrderTest.DoctorFacilityUserLoginTest" duration-ms="4246" status="PASS">
          <reporter-output>
          </reporter-output>
        </test-method> <!-- clickonNewRequestTest -->
        <test-method signature="clickonSearchoption()[pri:3, instance:com.qa.Ordermanagement.Test.DoctorFacilityUserServerOrderTest@19b843ba]" started-at="2024-10-07T16:05:33 IST" name="clickonSearchoption" finished-at="2024-10-07T16:05:34 IST" depends-on-methods="com.qa.Ordermanagement.Test.DoctorFacilityUserServerOrderTest.clickonNewRequestTest" duration-ms="184" status="PASS">
          <reporter-output>
          </reporter-output>
        </test-method> <!-- clickonSearchoption -->
        <test-method signature="clickonOrderID()[pri:4, instance:com.qa.Ordermanagement.Test.DoctorFacilityUserServerOrderTest@19b843ba]" started-at="2024-10-07T16:05:34 IST" name="clickonOrderID" finished-at="2024-10-07T16:05:37 IST" depends-on-methods="com.qa.Ordermanagement.Test.DoctorFacilityUserServerOrderTest.clickonSearchoption" duration-ms="3113" status="PASS">
          <reporter-output>
          </reporter-output>
        </test-method> <!-- clickonOrderID -->
        <test-method signature="fetchOrderID()[pri:5, instance:com.qa.Ordermanagement.Test.DoctorFacilityUserServerOrderTest@19b843ba]" started-at="2024-10-07T16:05:37 IST" name="fetchOrderID" finished-at="2024-10-07T16:05:37 IST" depends-on-methods="com.qa.Ordermanagement.Test.DoctorFacilityUserServerOrderTest.clickonOrderID" duration-ms="64" status="PASS">
          <reporter-output>
          </reporter-output>
        </test-method> <!-- fetchOrderID -->
        <test-method signature="selectInternalstatusTest()[pri:6, instance:com.qa.Ordermanagement.Test.DoctorFacilityUserServerOrderTest@19b843ba]" started-at="2024-10-07T16:05:37 IST" name="selectInternalstatusTest" finished-at="2024-10-07T16:05:40 IST" depends-on-methods="com.qa.Ordermanagement.Test.DoctorFacilityUserServerOrderTest.fetchOrderID" duration-ms="3171" status="PASS">
          <reporter-output>
          </reporter-output>
        </test-method> <!-- selectInternalstatusTest -->
        <test-method signature="updateOrderDetails()[pri:7, instance:com.qa.Ordermanagement.Test.DoctorFacilityUserServerOrderTest@19b843ba]" started-at="2024-10-07T16:05:40 IST" name="updateOrderDetails" finished-at="2024-10-07T16:05:40 IST" depends-on-methods="com.qa.Ordermanagement.Test.DoctorFacilityUserServerOrderTest.selectInternalstatusTest" duration-ms="89" status="PASS">
          <reporter-output>
          </reporter-output>
        </test-method> <!-- updateOrderDetails -->
      </class> <!-- com.qa.Ordermanagement.Test.DoctorFacilityUserServerOrderTest -->
    </test> <!-- Default test -->
  </suite> <!-- Default suite -->
</testng-results>
