<?xml version="1.0" encoding="UTF-8"?>
<!-- Generated by org.testng.reporters.JUnitReportReporter -->
<testsuite hostname="Krishnas_PC" failures="0" tests="10" name="com.qa.Ordermanagement.Test.MedicalFacilityUserServerOrderTest" time="48.524" errors="0" timestamp="2024-12-12T14:08:14 IST" skipped="0">
  <testcase classname="com.qa.Ordermanagement.Test.MedicalFacilityUserServerOrderTest" name="MedicalFacilityUserLoginTest" time="2.632"/>
  <testcase classname="com.qa.Ordermanagement.Test.MedicalFacilityUserServerOrderTest" name="clickonNewRequestTest" time="3.853"/>
  <testcase classname="com.qa.Ordermanagement.Test.MedicalFacilityUserServerOrderTest" name="fetchorderidfromfileandsearch" time="3.153"/>
  <testcase classname="com.qa.Ordermanagement.Test.MedicalFacilityUserServerOrderTest" name="clickonOrderID" time="3.107"/>
  <testcase classname="com.qa.Ordermanagement.Test.MedicalFacilityUserServerOrderTest" name="fetchOrderID" time="0.049"/>
  <testcase classname="com.qa.Ordermanagement.Test.MedicalFacilityUserServerOrderTest" name="selectInternalstatusTest" time="3.170"/>
  <testcase classname="com.qa.Ordermanagement.Test.MedicalFacilityUserServerOrderTest" name="updateOrderDetails" time="4.122"/>
  <testcase classname="com.qa.Ordermanagement.Test.MedicalFacilityUserServerOrderTest" name="clickonfiletab" time="3.121"/>
  <testcase classname="com.qa.Ordermanagement.Test.MedicalFacilityUserServerOrderTest" name="uploadbutton" time="2.101"/>
  <testcase classname="com.qa.Ordermanagement.Test.MedicalFacilityUserServerOrderTest" name="clickonbrowsefiles" time="23.216"/>
</testsuite> <!-- com.qa.Ordermanagement.Test.MedicalFacilityUserServerOrderTest -->
