<?xml version="1.0" encoding="UTF-8"?>
<!-- Generated by org.testng.reporters.JUnitReportReporter -->
<testsuite hostname="Krishnas_PC" failures="0" tests="10" name="com.qa.Ordermanagement.Test.MedicalFacilityUserServerOrderTest" time="51.475" errors="0" timestamp="2024-12-04T07:32:16 IST" skipped="0">
  <testcase classname="com.qa.Ordermanagement.Test.MedicalFacilityUserServerOrderTest" name="MedicalFacilityUserLoginTest" time="2.649"/>
  <testcase classname="com.qa.Ordermanagement.Test.MedicalFacilityUserServerOrderTest" name="clickonNewRequestTest" time="3.929"/>
  <testcase classname="com.qa.Ordermanagement.Test.MedicalFacilityUserServerOrderTest" name="fetchorderidfromfileandsearch" time="3.191"/>
  <testcase classname="com.qa.Ordermanagement.Test.MedicalFacilityUserServerOrderTest" name="clickonOrderID" time="3.159"/>
  <testcase classname="com.qa.Ordermanagement.Test.MedicalFacilityUserServerOrderTest" name="fetchOrderID" time="0.049"/>
  <testcase classname="com.qa.Ordermanagement.Test.MedicalFacilityUserServerOrderTest" name="selectInternalstatusTest" time="3.273"/>
  <testcase classname="com.qa.Ordermanagement.Test.MedicalFacilityUserServerOrderTest" name="updateOrderDetails" time="4.171"/>
  <testcase classname="com.qa.Ordermanagement.Test.MedicalFacilityUserServerOrderTest" name="clickonfiletab" time="3.147"/>
  <testcase classname="com.qa.Ordermanagement.Test.MedicalFacilityUserServerOrderTest" name="uploadbutton" time="2.117"/>
  <testcase classname="com.qa.Ordermanagement.Test.MedicalFacilityUserServerOrderTest" name="clickonbrowsefiles" time="25.790"/>
</testsuite> <!-- com.qa.Ordermanagement.Test.MedicalFacilityUserServerOrderTest -->
