<?xml version="1.0" encoding="UTF-8"?>
<!-- Generated by org.testng.reporters.JUnitXMLReporter -->
<testsuite ignored="0" hostname="Krishnas_PC" failures="0" tests="19" name="PatientUser and DoctorFacilityTest Smoke Test" time="177.394" errors="0" timestamp="2024-12-04T07:32:16 IST">
  <testcase classname="com.qa.Ordermanagement.Test.PatientUserOrderTest" name="patientuserOrderCreationTest" time="25.413"/>
  <testcase classname="com.qa.Ordermanagement.Test.PatientUserOrderTest" name="uploadpassportfrontTest" time="17.449"/>
  <testcase classname="com.qa.Ordermanagement.Test.PatientUserOrderTest" name="uploadpassportbackpageTest" time="19.315"/>
  <testcase classname="com.qa.Ordermanagement.Test.PatientUserOrderTest" name="uploadHippaDeclaration" time="23.355"/>
  <testcase classname="com.qa.Ordermanagement.Test.PatientUserOrderTest" name="checkTermsandConditions" time="0.204"/>
  <testcase classname="com.qa.Ordermanagement.Test.PatientUserOrderTest" name="clickonsubmitTest" time="5.23"/>
  <testcase classname="com.qa.Ordermanagement.Test.PatientUserOrderTest" name="captureToastMessage" time="3.369"/>
  <testcase classname="com.qa.Ordermanagement.Test.PatientUserOrderTest" name="writetofileOrderId" time="4.097"/>
  <testcase classname="com.qa.Ordermanagement.Test.PatientUserOrderTest" name="ProcesspaymentPage" time="13.93"/>
  <testcase classname="com.qa.Ordermanagement.Test.MedicalFacilityUserServerOrderTest" name="MedicalFacilityUserLoginTest" time="2.649"/>
  <testcase classname="com.qa.Ordermanagement.Test.MedicalFacilityUserServerOrderTest" name="clickonNewRequestTest" time="3.929"/>
  <testcase classname="com.qa.Ordermanagement.Test.MedicalFacilityUserServerOrderTest" name="fetchorderidfromfileandsearch" time="3.191"/>
  <testcase classname="com.qa.Ordermanagement.Test.MedicalFacilityUserServerOrderTest" name="clickonOrderID" time="3.159"/>
  <testcase classname="com.qa.Ordermanagement.Test.MedicalFacilityUserServerOrderTest" name="fetchOrderID" time="0.049"/>
  <testcase classname="com.qa.Ordermanagement.Test.MedicalFacilityUserServerOrderTest" name="selectInternalstatusTest" time="3.273"/>
  <testcase classname="com.qa.Ordermanagement.Test.MedicalFacilityUserServerOrderTest" name="updateOrderDetails" time="4.171"/>
  <testcase classname="com.qa.Ordermanagement.Test.MedicalFacilityUserServerOrderTest" name="clickonfiletab" time="3.147"/>
  <testcase classname="com.qa.Ordermanagement.Test.MedicalFacilityUserServerOrderTest" name="uploadbutton" time="2.117"/>
  <testcase classname="com.qa.Ordermanagement.Test.MedicalFacilityUserServerOrderTest" name="clickonbrowsefiles" time="25.79"/>
</testsuite> <!-- PatientUser and DoctorFacilityTest Smoke Test -->
