<?xml version="1.0" encoding="UTF-8"?>
<!-- Generated by org.testng.reporters.JUnitXMLReporter -->
<testsuite ignored="0" hostname="Krishnas_PC" failures="0" tests="19" name="PatientUser and DoctorFacilityTest Smoke Test" time="167.468" errors="0" timestamp="2024-12-12T14:08:13 IST">
  <testcase classname="com.qa.Ordermanagement.Test.PatientUserOrderTest" name="patientuserOrderCreationTest" time="24.904"/>
  <testcase classname="com.qa.Ordermanagement.Test.PatientUserOrderTest" name="uploadpassportfrontTest" time="17.291"/>
  <testcase classname="com.qa.Ordermanagement.Test.PatientUserOrderTest" name="uploadpassportbackpageTest" time="19.25"/>
  <testcase classname="com.qa.Ordermanagement.Test.PatientUserOrderTest" name="uploadHippaDeclaration" time="23.277"/>
  <testcase classname="com.qa.Ordermanagement.Test.PatientUserOrderTest" name="checkTermsandConditions" time="0.132"/>
  <testcase classname="com.qa.Ordermanagement.Test.PatientUserOrderTest" name="clickonsubmitTest" time="5.131"/>
  <testcase classname="com.qa.Ordermanagement.Test.PatientUserOrderTest" name="captureToastMessage" time="3.081"/>
  <testcase classname="com.qa.Ordermanagement.Test.PatientUserOrderTest" name="writetofileOrderId" time="4.073"/>
  <testcase classname="com.qa.Ordermanagement.Test.PatientUserOrderTest" name="ProcesspaymentPage" time="13.532"/>
  <testcase classname="com.qa.Ordermanagement.Test.MedicalFacilityUserServerOrderTest" name="MedicalFacilityUserLoginTest" time="2.632"/>
  <testcase classname="com.qa.Ordermanagement.Test.MedicalFacilityUserServerOrderTest" name="clickonNewRequestTest" time="3.853"/>
  <testcase classname="com.qa.Ordermanagement.Test.MedicalFacilityUserServerOrderTest" name="fetchorderidfromfileandsearch" time="3.153"/>
  <testcase classname="com.qa.Ordermanagement.Test.MedicalFacilityUserServerOrderTest" name="clickonOrderID" time="3.107"/>
  <testcase classname="com.qa.Ordermanagement.Test.MedicalFacilityUserServerOrderTest" name="fetchOrderID" time="0.049"/>
  <testcase classname="com.qa.Ordermanagement.Test.MedicalFacilityUserServerOrderTest" name="selectInternalstatusTest" time="3.17"/>
  <testcase classname="com.qa.Ordermanagement.Test.MedicalFacilityUserServerOrderTest" name="updateOrderDetails" time="4.122"/>
  <testcase classname="com.qa.Ordermanagement.Test.MedicalFacilityUserServerOrderTest" name="clickonfiletab" time="3.121"/>
  <testcase classname="com.qa.Ordermanagement.Test.MedicalFacilityUserServerOrderTest" name="uploadbutton" time="2.101"/>
  <testcase classname="com.qa.Ordermanagement.Test.MedicalFacilityUserServerOrderTest" name="clickonbrowsefiles" time="23.216"/>
</testsuite> <!-- PatientUser and DoctorFacilityTest Smoke Test -->
